<?xml version="1.0" encoding="UTF-8"?>
<!-- Generated by org.testng.reporters.JUnitXMLReporter -->
<testsuite ignored="0" hostname="LPBLPF2TJJ7D" failures="0" tests="20" name="Dashboard Performance" time="723.28" errors="0" timestamp="2025-08-19T19:01:41 IST">
  <testcase classname="com.perfkit.DashboardPerformanceTest" name="measureDashboardReady" time="42.392"/>
  <testcase classname="com.perfkit.DashboardPerformanceTest" name="measureDashboardReady" time="25.484"/>
  <testcase classname="com.perfkit.DashboardPerformanceTest" name="measureDashboardReady" time="28.02"/>
  <testcase classname="com.perfkit.DashboardPerformanceTest" name="measureDashboardReady" time="25.531"/>
  <testcase classname="com.perfkit.DashboardPerformanceTest" name="measureDashboardReady" time="25.52"/>
  <testcase classname="com.perfkit.DashboardPerformanceTest" name="measureDashboardReady" time="25.945"/>
  <testcase classname="com.perfkit.DashboardPerformanceTest" name="measureDashboardReady" time="27.076"/>
  <testcase classname="com.perfkit.DashboardPerformanceTest" name="measureDashboardReady" time="23.97"/>
  <testcase classname="com.perfkit.DashboardPerformanceTest" name="measureDashboardReady" time="25.204"/>
  <testcase classname="com.perfkit.DashboardPerformanceTest" name="measureDashboardReady" time="27.151"/>
  <testcase classname="com.perfkit.DashboardPerformanceTest" name="measureDashboardReady" time="29.223"/>
  <testcase classname="com.perfkit.DashboardPerformanceTest" name="measureDashboardReady" time="25.543"/>
  <testcase classname="com.perfkit.DashboardPerformanceTest" name="measureDashboardReady" time="26.364"/>
  <testcase classname="com.perfkit.DashboardPerformanceTest" name="measureDashboardReady" time="24.817"/>
  <testcase classname="com.perfkit.DashboardPerformanceTest" name="measureDashboardReady" time="25.406"/>
  <testcase classname="com.perfkit.DashboardPerformanceTest" name="measureDashboardReady" time="22.027"/>
  <testcase classname="com.perfkit.DashboardPerformanceTest" name="measureDashboardReady" time="22.77"/>
  <testcase classname="com.perfkit.DashboardPerformanceTest" name="measureDashboardReady" time="23.259"/>
  <testcase classname="com.perfkit.DashboardPerformanceTest" name="measureDashboardReady" time="23.258"/>
  <testcase classname="com.perfkit.DashboardPerformanceTest" name="measureDashboardReady" time="23.467"/>
</testsuite> <!-- Dashboard Performance -->
