<?xml version="1.0" encoding="UTF-8"?>
<testsuite xmlns:xsi="http://www.w3.org/2001/XMLSchema-instance" xsi:noNamespaceSchemaLocation="https://maven.apache.org/surefire/maven-surefire-plugin/xsd/surefire-test-report-3.0.xsd" version="3.0" name="TestSuite" time="724.903" tests="20" errors="0" skipped="0" failures="0">
  <properties>
[...]
</properties>
  <testcase name="measureDashboardReady" classname="com.perfkit.DashboardPerformanceTest" time="42.393">
    <system-out><![CDATA[The new path is: /home/sanumenonmadhusoodanan/Desktop/jpphelper/dashboard-perf-kit/results
]]></system-out>
    <system-err><![CDATA[SLF4J(W): No SLF4J providers were found.
SLF4J(W): Defaulting to no-operation (NOP) logger implementation
SLF4J(W): See https://www.slf4j.org/codes.html#noProviders for further details.
Aug 19, 2025 6:49:43 PM org.openqa.selenium.devtools.CdpVersionFinder findNearestMatch
WARNING: Unable to find CDP implementation matching 137
Aug 19, 2025 6:49:43 PM org.openqa.selenium.chromium.ChromiumDriver lambda$new$5
WARNING: Unable to find version of CDP to use for 137.0.7151.55. You may need to include a dependency on a specific version of the CDP using something similar to `org.seleniumhq.selenium:selenium-devtools-v86:4.22.0` where the version ("v86") matches the version of the chromium-based browser you're using and the version number of the artifact is the same as Selenium's.
]]></system-err>
  </testcase>
  <testcase name="measureDashboardReady" classname="com.perfkit.DashboardPerformanceTest" time="25.488">
    <system-out><![CDATA[The new path is: /home/sanumenonmadhusoodanan/Desktop/jpphelper/dashboard-perf-kit/results
]]></system-out>
    <system-err><![CDATA[Aug 19, 2025 6:50:36 PM org.openqa.selenium.devtools.CdpVersionFinder findNearestMatch
WARNING: Unable to find CDP implementation matching 137
Aug 19, 2025 6:50:36 PM org.openqa.selenium.chromium.ChromiumDriver lambda$new$5
WARNING: Unable to find version of CDP to use for 137.0.7151.55. You may need to include a dependency on a specific version of the CDP using something similar to `org.seleniumhq.selenium:selenium-devtools-v86:4.22.0` where the version ("v86") matches the version of the chromium-based browser you're using and the version number of the artifact is the same as Selenium's.
]]></system-err>
  </testcase>
  <testcase name="measureDashboardReady" classname="com.perfkit.DashboardPerformanceTest" time="28.023">
    <system-out><![CDATA[The new path is: /home/sanumenonmadhusoodanan/Desktop/jpphelper/dashboard-perf-kit/results
]]></system-out>
    <system-err><![CDATA[Aug 19, 2025 6:51:11 PM org.openqa.selenium.devtools.CdpVersionFinder findNearestMatch
WARNING: Unable to find CDP implementation matching 137
Aug 19, 2025 6:51:11 PM org.openqa.selenium.chromium.ChromiumDriver lambda$new$5
WARNING: Unable to find version of CDP to use for 137.0.7151.55. You may need to include a dependency on a specific version of the CDP using something similar to `org.seleniumhq.selenium:selenium-devtools-v86:4.22.0` where the version ("v86") matches the version of the chromium-based browser you're using and the version number of the artifact is the same as Selenium's.
]]></system-err>
  </testcase>
  <testcase name="measureDashboardReady" classname="com.perfkit.DashboardPerformanceTest" time="25.531">
    <system-out><![CDATA[The new path is: /home/sanumenonmadhusoodanan/Desktop/jpphelper/dashboard-perf-kit/results
]]></system-out>
    <system-err><![CDATA[Aug 19, 2025 6:51:49 PM org.openqa.selenium.devtools.CdpVersionFinder findNearestMatch
WARNING: Unable to find CDP implementation matching 137
Aug 19, 2025 6:51:49 PM org.openqa.selenium.chromium.ChromiumDriver lambda$new$5
WARNING: Unable to find version of CDP to use for 137.0.7151.55. You may need to include a dependency on a specific version of the CDP using something similar to `org.seleniumhq.selenium:selenium-devtools-v86:4.22.0` where the version ("v86") matches the version of the chromium-based browser you're using and the version number of the artifact is the same as Selenium's.
]]></system-err>
  </testcase>
  <testcase name="measureDashboardReady" classname="com.perfkit.DashboardPerformanceTest" time="25.522">
    <system-out><![CDATA[The new path is: /home/sanumenonmadhusoodanan/Desktop/jpphelper/dashboard-perf-kit/results
]]></system-out>
    <system-err><![CDATA[Aug 19, 2025 6:52:24 PM org.openqa.selenium.devtools.CdpVersionFinder findNearestMatch
WARNING: Unable to find CDP implementation matching 137
Aug 19, 2025 6:52:24 PM org.openqa.selenium.chromium.ChromiumDriver lambda$new$5
WARNING: Unable to find version of CDP to use for 137.0.7151.55. You may need to include a dependency on a specific version of the CDP using something similar to `org.seleniumhq.selenium:selenium-devtools-v86:4.22.0` where the version ("v86") matches the version of the chromium-based browser you're using and the version number of the artifact is the same as Selenium's.
]]></system-err>
  </testcase>
  <testcase name="measureDashboardReady" classname="com.perfkit.DashboardPerformanceTest" time="25.948">
    <system-out><![CDATA[The new path is: /home/sanumenonmadhusoodanan/Desktop/jpphelper/dashboard-perf-kit/results
]]></system-out>
    <system-err><![CDATA[Aug 19, 2025 6:52:59 PM org.openqa.selenium.devtools.CdpVersionFinder findNearestMatch
WARNING: Unable to find CDP implementation matching 137
Aug 19, 2025 6:52:59 PM org.openqa.selenium.chromium.ChromiumDriver lambda$new$5
WARNING: Unable to find version of CDP to use for 137.0.7151.55. You may need to include a dependency on a specific version of the CDP using something similar to `org.seleniumhq.selenium:selenium-devtools-v86:4.22.0` where the version ("v86") matches the version of the chromium-based browser you're using and the version number of the artifact is the same as Selenium's.
]]></system-err>
  </testcase>
  <testcase name="measureDashboardReady" classname="com.perfkit.DashboardPerformanceTest" time="27.077">
    <system-out><![CDATA[The new path is: /home/sanumenonmadhusoodanan/Desktop/jpphelper/dashboard-perf-kit/results
]]></system-out>
    <system-err><![CDATA[Aug 19, 2025 6:53:35 PM org.openqa.selenium.devtools.CdpVersionFinder findNearestMatch
WARNING: Unable to find CDP implementation matching 137
Aug 19, 2025 6:53:35 PM org.openqa.selenium.chromium.ChromiumDriver lambda$new$5
WARNING: Unable to find version of CDP to use for 137.0.7151.55. You may need to include a dependency on a specific version of the CDP using something similar to `org.seleniumhq.selenium:selenium-devtools-v86:4.22.0` where the version ("v86") matches the version of the chromium-based browser you're using and the version number of the artifact is the same as Selenium's.
]]></system-err>
  </testcase>
  <testcase name="measureDashboardReady" classname="com.perfkit.DashboardPerformanceTest" time="23.97">
    <system-out><![CDATA[The new path is: /home/sanumenonmadhusoodanan/Desktop/jpphelper/dashboard-perf-kit/results
]]></system-out>
    <system-err><![CDATA[Aug 19, 2025 6:54:12 PM org.openqa.selenium.devtools.CdpVersionFinder findNearestMatch
WARNING: Unable to find CDP implementation matching 137
Aug 19, 2025 6:54:12 PM org.openqa.selenium.chromium.ChromiumDriver lambda$new$5
WARNING: Unable to find version of CDP to use for 137.0.7151.55. You may need to include a dependency on a specific version of the CDP using something similar to `org.seleniumhq.selenium:selenium-devtools-v86:4.22.0` where the version ("v86") matches the version of the chromium-based browser you're using and the version number of the artifact is the same as Selenium's.
]]></system-err>
  </testcase>
  <testcase name="measureDashboardReady" classname="com.perfkit.DashboardPerformanceTest" time="25.203">
    <system-out><![CDATA[The new path is: /home/sanumenonmadhusoodanan/Desktop/jpphelper/dashboard-perf-kit/results
]]></system-out>
    <system-err><![CDATA[Aug 19, 2025 6:54:45 PM org.openqa.selenium.devtools.CdpVersionFinder findNearestMatch
WARNING: Unable to find CDP implementation matching 137
Aug 19, 2025 6:54:45 PM org.openqa.selenium.chromium.ChromiumDriver lambda$new$5
WARNING: Unable to find version of CDP to use for 137.0.7151.55. You may need to include a dependency on a specific version of the CDP using something similar to `org.seleniumhq.selenium:selenium-devtools-v86:4.22.0` where the version ("v86") matches the version of the chromium-based browser you're using and the version number of the artifact is the same as Selenium's.
]]></system-err>
  </testcase>
  <testcase name="measureDashboardReady" classname="com.perfkit.DashboardPerformanceTest" time="27.151">
    <system-out><![CDATA[The new path is: /home/sanumenonmadhusoodanan/Desktop/jpphelper/dashboard-perf-kit/results
]]></system-out>
    <system-err><![CDATA[Aug 19, 2025 6:55:20 PM org.openqa.selenium.devtools.CdpVersionFinder findNearestMatch
WARNING: Unable to find CDP implementation matching 137
Aug 19, 2025 6:55:20 PM org.openqa.selenium.chromium.ChromiumDriver lambda$new$5
WARNING: Unable to find version of CDP to use for 137.0.7151.55. You may need to include a dependency on a specific version of the CDP using something similar to `org.seleniumhq.selenium:selenium-devtools-v86:4.22.0` where the version ("v86") matches the version of the chromium-based browser you're using and the version number of the artifact is the same as Selenium's.
]]></system-err>
  </testcase>
  <testcase name="measureDashboardReady" classname="com.perfkit.DashboardPerformanceTest" time="29.226">
    <system-out><![CDATA[The new path is: /home/sanumenonmadhusoodanan/Desktop/jpphelper/dashboard-perf-kit/results
]]></system-out>
    <system-err><![CDATA[Aug 19, 2025 6:55:57 PM org.openqa.selenium.devtools.CdpVersionFinder findNearestMatch
WARNING: Unable to find CDP implementation matching 137
Aug 19, 2025 6:55:57 PM org.openqa.selenium.chromium.ChromiumDriver lambda$new$5
WARNING: Unable to find version of CDP to use for 137.0.7151.55. You may need to include a dependency on a specific version of the CDP using something similar to `org.seleniumhq.selenium:selenium-devtools-v86:4.22.0` where the version ("v86") matches the version of the chromium-based browser you're using and the version number of the artifact is the same as Selenium's.
]]></system-err>
  </testcase>
  <testcase name="measureDashboardReady" classname="com.perfkit.DashboardPerformanceTest" time="25.544">
    <system-out><![CDATA[The new path is: /home/sanumenonmadhusoodanan/Desktop/jpphelper/dashboard-perf-kit/results
]]></system-out>
    <system-err><![CDATA[Aug 19, 2025 6:56:36 PM org.openqa.selenium.devtools.CdpVersionFinder findNearestMatch
WARNING: Unable to find CDP implementation matching 137
Aug 19, 2025 6:56:36 PM org.openqa.selenium.chromium.ChromiumDriver lambda$new$5
WARNING: Unable to find version of CDP to use for 137.0.7151.55. You may need to include a dependency on a specific version of the CDP using something similar to `org.seleniumhq.selenium:selenium-devtools-v86:4.22.0` where the version ("v86") matches the version of the chromium-based browser you're using and the version number of the artifact is the same as Selenium's.
]]></system-err>
  </testcase>
  <testcase name="measureDashboardReady" classname="com.perfkit.DashboardPerformanceTest" time="26.366">
    <system-out><![CDATA[The new path is: /home/sanumenonmadhusoodanan/Desktop/jpphelper/dashboard-perf-kit/results
]]></system-out>
    <system-err><![CDATA[Aug 19, 2025 6:57:12 PM org.openqa.selenium.devtools.CdpVersionFinder findNearestMatch
WARNING: Unable to find CDP implementation matching 137
Aug 19, 2025 6:57:12 PM org.openqa.selenium.chromium.ChromiumDriver lambda$new$5
WARNING: Unable to find version of CDP to use for 137.0.7151.55. You may need to include a dependency on a specific version of the CDP using something similar to `org.seleniumhq.selenium:selenium-devtools-v86:4.22.0` where the version ("v86") matches the version of the chromium-based browser you're using and the version number of the artifact is the same as Selenium's.
]]></system-err>
  </testcase>
  <testcase name="measureDashboardReady" classname="com.perfkit.DashboardPerformanceTest" time="24.819">
    <system-out><![CDATA[The new path is: /home/sanumenonmadhusoodanan/Desktop/jpphelper/dashboard-perf-kit/results
]]></system-out>
    <system-err><![CDATA[Aug 19, 2025 6:57:48 PM org.openqa.selenium.devtools.CdpVersionFinder findNearestMatch
WARNING: Unable to find CDP implementation matching 137
Aug 19, 2025 6:57:48 PM org.openqa.selenium.chromium.ChromiumDriver lambda$new$5
WARNING: Unable to find version of CDP to use for 137.0.7151.55. You may need to include a dependency on a specific version of the CDP using something similar to `org.seleniumhq.selenium:selenium-devtools-v86:4.22.0` where the version ("v86") matches the version of the chromium-based browser you're using and the version number of the artifact is the same as Selenium's.
]]></system-err>
  </testcase>
  <testcase name="measureDashboardReady" classname="com.perfkit.DashboardPerformanceTest" time="25.406">
    <system-out><![CDATA[The new path is: /home/sanumenonmadhusoodanan/Desktop/jpphelper/dashboard-perf-kit/results
]]></system-out>
    <system-err><![CDATA[Aug 19, 2025 6:58:22 PM org.openqa.selenium.devtools.CdpVersionFinder findNearestMatch
WARNING: Unable to find CDP implementation matching 137
Aug 19, 2025 6:58:22 PM org.openqa.selenium.chromium.ChromiumDriver lambda$new$5
WARNING: Unable to find version of CDP to use for 137.0.7151.55. You may need to include a dependency on a specific version of the CDP using something similar to `org.seleniumhq.selenium:selenium-devtools-v86:4.22.0` where the version ("v86") matches the version of the chromium-based browser you're using and the version number of the artifact is the same as Selenium's.
]]></system-err>
  </testcase>
  <testcase name="measureDashboardReady" classname="com.perfkit.DashboardPerformanceTest" time="22.027">
    <system-out><![CDATA[The new path is: /home/sanumenonmadhusoodanan/Desktop/jpphelper/dashboard-perf-kit/results
]]></system-out>
    <system-err><![CDATA[Aug 19, 2025 6:58:57 PM org.openqa.selenium.devtools.CdpVersionFinder findNearestMatch
WARNING: Unable to find CDP implementation matching 137
Aug 19, 2025 6:58:57 PM org.openqa.selenium.chromium.ChromiumDriver lambda$new$5
WARNING: Unable to find version of CDP to use for 137.0.7151.55. You may need to include a dependency on a specific version of the CDP using something similar to `org.seleniumhq.selenium:selenium-devtools-v86:4.22.0` where the version ("v86") matches the version of the chromium-based browser you're using and the version number of the artifact is the same as Selenium's.
]]></system-err>
  </testcase>
  <testcase name="measureDashboardReady" classname="com.perfkit.DashboardPerformanceTest" time="22.772">
    <system-out><![CDATA[The new path is: /home/sanumenonmadhusoodanan/Desktop/jpphelper/dashboard-perf-kit/results
]]></system-out>
    <system-err><![CDATA[Aug 19, 2025 6:59:29 PM org.openqa.selenium.devtools.CdpVersionFinder findNearestMatch
WARNING: Unable to find CDP implementation matching 137
Aug 19, 2025 6:59:29 PM org.openqa.selenium.chromium.ChromiumDriver lambda$new$5
WARNING: Unable to find version of CDP to use for 137.0.7151.55. You may need to include a dependency on a specific version of the CDP using something similar to `org.seleniumhq.selenium:selenium-devtools-v86:4.22.0` where the version ("v86") matches the version of the chromium-based browser you're using and the version number of the artifact is the same as Selenium's.
]]></system-err>
  </testcase>
  <testcase name="measureDashboardReady" classname="com.perfkit.DashboardPerformanceTest" time="23.26">
    <system-out><![CDATA[The new path is: /home/sanumenonmadhusoodanan/Desktop/jpphelper/dashboard-perf-kit/results
]]></system-out>
    <system-err><![CDATA[Aug 19, 2025 7:00:02 PM org.openqa.selenium.devtools.CdpVersionFinder findNearestMatch
WARNING: Unable to find CDP implementation matching 137
Aug 19, 2025 7:00:02 PM org.openqa.selenium.chromium.ChromiumDriver lambda$new$5
WARNING: Unable to find version of CDP to use for 137.0.7151.55. You may need to include a dependency on a specific version of the CDP using something similar to `org.seleniumhq.selenium:selenium-devtools-v86:4.22.0` where the version ("v86") matches the version of the chromium-based browser you're using and the version number of the artifact is the same as Selenium's.
]]></system-err>
  </testcase>
  <testcase name="measureDashboardReady" classname="com.perfkit.DashboardPerformanceTest" time="23.257">
    <system-out><![CDATA[The new path is: /home/sanumenonmadhusoodanan/Desktop/jpphelper/dashboard-perf-kit/results
]]></system-out>
    <system-err><![CDATA[Aug 19, 2025 7:00:35 PM org.openqa.selenium.devtools.CdpVersionFinder findNearestMatch
WARNING: Unable to find CDP implementation matching 137
Aug 19, 2025 7:00:35 PM org.openqa.selenium.chromium.ChromiumDriver lambda$new$5
WARNING: Unable to find version of CDP to use for 137.0.7151.55. You may need to include a dependency on a specific version of the CDP using something similar to `org.seleniumhq.selenium:selenium-devtools-v86:4.22.0` where the version ("v86") matches the version of the chromium-based browser you're using and the version number of the artifact is the same as Selenium's.
]]></system-err>
  </testcase>
  <testcase name="measureDashboardReady" classname="com.perfkit.DashboardPerformanceTest" time="23.463">
    <system-out><![CDATA[The new path is: /home/sanumenonmadhusoodanan/Desktop/jpphelper/dashboard-perf-kit/results
]]></system-out>
    <system-err><![CDATA[Aug 19, 2025 7:01:08 PM org.openqa.selenium.devtools.CdpVersionFinder findNearestMatch
WARNING: Unable to find CDP implementation matching 137
Aug 19, 2025 7:01:08 PM org.openqa.selenium.chromium.ChromiumDriver lambda$new$5
WARNING: Unable to find version of CDP to use for 137.0.7151.55. You may need to include a dependency on a specific version of the CDP using something similar to `org.seleniumhq.selenium:selenium-devtools-v86:4.22.0` where the version ("v86") matches the version of the chromium-based browser you're using and the version number of the artifact is the same as Selenium's.
]]></system-err>
  </testcase>
</testsuite>